<?xml version="1.0" encoding="UTF-8"?>
<testsuite name="com.webbyspringbootpjs.www.web.HelloControllerTest" tests="2" skipped="0" failures="0" errors="0" timestamp="2022-02-04T00:33:35" hostname="DESKTOP-EPLNJU3" time="0.123">
  <properties/>
  <testcase name="hello가_리턴된다" classname="com.webbyspringbootpjs.www.web.HelloControllerTest" time="0.035"/>
  <testcase name="helloDto가_리턴된다" classname="com.webbyspringbootpjs.www.web.HelloControllerTest" time="0.088"/>
  <system-out><![CDATA[2022-02-04 09:33:35.119  INFO 13816 --- [    Test worker] .b.t.a.w.s.WebMvcTestContextBootstrapper : Neither @ContextConfiguration nor @ContextHierarchy found for test class [com.webbyspringbootpjs.www.web.HelloControllerTest], using SpringBootContextLoader
2022-02-04 09:33:35.120  INFO 13816 --- [    Test worker] o.s.t.c.support.AbstractContextLoader    : Could not detect default resource locations for test class [com.webbyspringbootpjs.www.web.HelloControllerTest]: no resource found for suffixes {-context.xml, Context.groovy}.
2022-02-04 09:33:35.120  INFO 13816 --- [    Test worker] t.c.s.AnnotationConfigContextLoaderUtils : Could not detect default configuration classes for test class [com.webbyspringbootpjs.www.web.HelloControllerTest]: HelloControllerTest does not declare any static, non-private, non-final, nested classes annotated with @Configuration.
2022-02-04 09:33:35.147  INFO 13816 --- [    Test worker] .b.t.c.SpringBootTestContextBootstrapper : Found @SpringBootConfiguration com.webbyspringbootpjs.www.Application for test class com.webbyspringbootpjs.www.web.HelloControllerTest
2022-02-04 09:33:35.148  INFO 13816 --- [    Test worker] .b.t.a.w.s.WebMvcTestContextBootstrapper : Loaded default TestExecutionListener class names from location [META-INF/spring.factories]: [org.springframework.boot.test.autoconfigure.restdocs.RestDocsTestExecutionListener, org.springframework.boot.test.autoconfigure.web.client.MockRestServiceServerResetTestExecutionListener, org.springframework.boot.test.autoconfigure.web.servlet.MockMvcPrintOnlyOnFailureTestExecutionListener, org.springframework.boot.test.autoconfigure.web.servlet.WebDriverTestExecutionListener, org.springframework.boot.test.mock.mockito.MockitoTestExecutionListener, org.springframework.boot.test.mock.mockito.ResetMocksTestExecutionListener, org.springframework.test.context.web.ServletTestExecutionListener, org.springframework.test.context.support.DirtiesContextBeforeModesTestExecutionListener, org.springframework.test.context.support.DependencyInjectionTestExecutionListener, org.springframework.test.context.support.DirtiesContextTestExecutionListener, org.springframework.test.context.transaction.TransactionalTestExecutionListener, org.springframework.test.context.jdbc.SqlScriptsTestExecutionListener]
2022-02-04 09:33:35.148  INFO 13816 --- [    Test worker] .b.t.a.w.s.WebMvcTestContextBootstrapper : Using TestExecutionListeners: [org.springframework.test.context.web.ServletTestExecutionListener@121dce2, org.springframework.test.context.support.DirtiesContextBeforeModesTestExecutionListener@6df31abf, org.springframework.boot.test.mock.mockito.MockitoTestExecutionListener@5a57cf90, org.springframework.boot.test.autoconfigure.SpringBootDependencyInjectionTestExecutionListener@4d16975b, org.springframework.test.context.support.DirtiesContextTestExecutionListener@425f94d7, org.springframework.test.context.transaction.TransactionalTestExecutionListener@378c48c1, org.springframework.test.context.jdbc.SqlScriptsTestExecutionListener@53432aef, org.springframework.boot.test.autoconfigure.restdocs.RestDocsTestExecutionListener@2a16d393, org.springframework.boot.test.autoconfigure.web.client.MockRestServiceServerResetTestExecutionListener@14d1032a, org.springframework.boot.test.autoconfigure.web.servlet.MockMvcPrintOnlyOnFailureTestExecutionListener@414e8b31, org.springframework.boot.test.autoconfigure.web.servlet.WebDriverTestExecutionListener@b90c5a5, org.springframework.boot.test.mock.mockito.ResetMocksTestExecutionListener@1786150f]

  .   ____          _            __ _ _
 /\\ / ___'_ __ _ _(_)_ __  __ _ \ \ \ \
( ( )\___ | '_ | '_| | '_ \/ _` | \ \ \ \
 \\/  ___)| |_)| | | | | || (_| |  ) ) ) )
  '  |____| .__|_| |_|_| |_\__, | / / / /
 =========|_|==============|___/=/_/_/_/
 :: Spring Boot ::        (v2.1.9.RELEASE)

2022-02-04 09:33:35.188  INFO 13816 --- [    Test worker] c.w.www.web.HelloControllerTest          : Starting HelloControllerTest on DESKTOP-EPLNJU3 with PID 13816 (started by kbp10 in C:\Users\kbp10\IdeaProjects\springboot_pj_jeongseop)
2022-02-04 09:33:35.189  INFO 13816 --- [    Test worker] c.w.www.web.HelloControllerTest          : No active profile set, falling back to default profiles: default
2022-02-04 09:33:35.759  INFO 13816 --- [    Test worker] o.s.s.concurrent.ThreadPoolTaskExecutor  : Initializing ExecutorService 'applicationTaskExecutor'
2022-02-04 09:33:35.786  INFO 13816 --- [    Test worker] o.s.b.a.w.s.WelcomePageHandlerMapping    : Adding welcome page template: index
2022-02-04 09:33:35.938  INFO 13816 --- [    Test worker] o.s.b.t.m.w.SpringBootMockServletContext : Initializing Spring TestDispatcherServlet ''
2022-02-04 09:33:35.939  INFO 13816 --- [    Test worker] o.s.t.web.servlet.TestDispatcherServlet  : Initializing Servlet ''
2022-02-04 09:33:35.955  INFO 13816 --- [    Test worker] o.s.t.web.servlet.TestDispatcherServlet  : Completed initialization in 16 ms
2022-02-04 09:33:35.972  INFO 13816 --- [    Test worker] c.w.www.web.HelloControllerTest          : Started HelloControllerTest in 0.821 seconds (JVM running for 10.046)
]]></system-out>
  <system-err><![CDATA[]]></system-err>
</testsuite>
