<?xml version="1.0" encoding="UTF-8"?>
<testsuite name="com.webbyspringbootpjs.www.web.PostsApiControllerTest" tests="2" skipped="0" failures="0" errors="0" timestamp="2022-02-04T00:33:36" hostname="DESKTOP-EPLNJU3" time="0.132">
  <properties/>
  <testcase name="Posts_등록된다" classname="com.webbyspringbootpjs.www.web.PostsApiControllerTest" time="0.104"/>
  <testcase name="Posts_수정된다" classname="com.webbyspringbootpjs.www.web.PostsApiControllerTest" time="0.027"/>
  <system-out><![CDATA[2022-02-04 09:33:36.102  INFO 13816 --- [    Test worker] .b.t.c.SpringBootTestContextBootstrapper : Neither @ContextConfiguration nor @ContextHierarchy found for test class [com.webbyspringbootpjs.www.web.PostsApiControllerTest], using SpringBootContextLoader
2022-02-04 09:33:36.103  INFO 13816 --- [    Test worker] o.s.t.c.support.AbstractContextLoader    : Could not detect default resource locations for test class [com.webbyspringbootpjs.www.web.PostsApiControllerTest]: no resource found for suffixes {-context.xml, Context.groovy}.
2022-02-04 09:33:36.104  INFO 13816 --- [    Test worker] t.c.s.AnnotationConfigContextLoaderUtils : Could not detect default configuration classes for test class [com.webbyspringbootpjs.www.web.PostsApiControllerTest]: PostsApiControllerTest does not declare any static, non-private, non-final, nested classes annotated with @Configuration.
2022-02-04 09:33:36.105  INFO 13816 --- [    Test worker] .b.t.c.SpringBootTestContextBootstrapper : Found @SpringBootConfiguration com.webbyspringbootpjs.www.Application for test class com.webbyspringbootpjs.www.web.PostsApiControllerTest
2022-02-04 09:33:36.107  INFO 13816 --- [    Test worker] .b.t.c.SpringBootTestContextBootstrapper : Loaded default TestExecutionListener class names from location [META-INF/spring.factories]: [org.springframework.boot.test.autoconfigure.restdocs.RestDocsTestExecutionListener, org.springframework.boot.test.autoconfigure.web.client.MockRestServiceServerResetTestExecutionListener, org.springframework.boot.test.autoconfigure.web.servlet.MockMvcPrintOnlyOnFailureTestExecutionListener, org.springframework.boot.test.autoconfigure.web.servlet.WebDriverTestExecutionListener, org.springframework.boot.test.mock.mockito.MockitoTestExecutionListener, org.springframework.boot.test.mock.mockito.ResetMocksTestExecutionListener, org.springframework.test.context.web.ServletTestExecutionListener, org.springframework.test.context.support.DirtiesContextBeforeModesTestExecutionListener, org.springframework.test.context.support.DependencyInjectionTestExecutionListener, org.springframework.test.context.support.DirtiesContextTestExecutionListener, org.springframework.test.context.transaction.TransactionalTestExecutionListener, org.springframework.test.context.jdbc.SqlScriptsTestExecutionListener]
2022-02-04 09:33:36.107  INFO 13816 --- [    Test worker] .b.t.c.SpringBootTestContextBootstrapper : Using TestExecutionListeners: [org.springframework.test.context.web.ServletTestExecutionListener@7341baa3, org.springframework.test.context.support.DirtiesContextBeforeModesTestExecutionListener@1ca0aa40, org.springframework.boot.test.mock.mockito.MockitoTestExecutionListener@626766fd, org.springframework.boot.test.autoconfigure.SpringBootDependencyInjectionTestExecutionListener@e1fd2bf, org.springframework.test.context.support.DirtiesContextTestExecutionListener@70f5f57d, org.springframework.test.context.transaction.TransactionalTestExecutionListener@691eb389, org.springframework.test.context.jdbc.SqlScriptsTestExecutionListener@301770d9, org.springframework.boot.test.autoconfigure.restdocs.RestDocsTestExecutionListener@40edc64e, org.springframework.boot.test.autoconfigure.web.client.MockRestServiceServerResetTestExecutionListener@1fec9d33, org.springframework.boot.test.autoconfigure.web.servlet.MockMvcPrintOnlyOnFailureTestExecutionListener@372f7bc, org.springframework.boot.test.autoconfigure.web.servlet.WebDriverTestExecutionListener@8e8ceb3, org.springframework.boot.test.mock.mockito.ResetMocksTestExecutionListener@2699b656]
Hibernate: insert into posts (created_date, modified_date, author, content, title) values (?, ?, ?, ?, ?)
Hibernate: select posts0_.id as id1_0_, posts0_.created_date as created_2_0_, posts0_.modified_date as modified3_0_, posts0_.author as author4_0_, posts0_.content as content5_0_, posts0_.title as title6_0_ from posts posts0_
Hibernate: select posts0_.id as id1_0_, posts0_.created_date as created_2_0_, posts0_.modified_date as modified3_0_, posts0_.author as author4_0_, posts0_.content as content5_0_, posts0_.title as title6_0_ from posts posts0_
Hibernate: delete from posts where id=?
Hibernate: insert into posts (created_date, modified_date, author, content, title) values (?, ?, ?, ?, ?)
Hibernate: select posts0_.id as id1_0_0_, posts0_.created_date as created_2_0_0_, posts0_.modified_date as modified3_0_0_, posts0_.author as author4_0_0_, posts0_.content as content5_0_0_, posts0_.title as title6_0_0_ from posts posts0_ where posts0_.id=?
Hibernate: update posts set created_date=?, modified_date=?, author=?, content=?, title=? where id=?
Hibernate: select posts0_.id as id1_0_, posts0_.created_date as created_2_0_, posts0_.modified_date as modified3_0_, posts0_.author as author4_0_, posts0_.content as content5_0_, posts0_.title as title6_0_ from posts posts0_
Hibernate: select posts0_.id as id1_0_, posts0_.created_date as created_2_0_, posts0_.modified_date as modified3_0_, posts0_.author as author4_0_, posts0_.content as content5_0_, posts0_.title as title6_0_ from posts posts0_
Hibernate: delete from posts where id=?
]]></system-out>
  <system-err><![CDATA[]]></system-err>
</testsuite>
